mode: atomic
github.com/91go/docs-alfred/main.go:12.13,14.2 1 0
github.com/91go/docs-alfred/cmd/qs.go:21.51,22.29 1 0
github.com/91go/docs-alfred/cmd/qs.go:22.29,25.59 3 0
github.com/91go/docs-alfred/cmd/qs.go:25.59,27.5 1 0
github.com/91go/docs-alfred/cmd/qs.go:30.47,33.28 2 0
github.com/91go/docs-alfred/cmd/qs.go:33.28,34.32 1 0
github.com/91go/docs-alfred/cmd/qs.go:34.32,39.5 2 0
github.com/91go/docs-alfred/cmd/qs.go:42.3,42.20 1 0
github.com/91go/docs-alfred/cmd/qs.go:42.20,44.4 1 0
github.com/91go/docs-alfred/cmd/qs.go:45.3,45.20 1 0
github.com/91go/docs-alfred/cmd/qs.go:49.13,61.2 1 0
github.com/91go/docs-alfred/cmd/qs.go:63.49,65.26 2 0
github.com/91go/docs-alfred/cmd/qs.go:65.26,67.3 1 0
github.com/91go/docs-alfred/cmd/qs.go:68.2,68.25 1 0
github.com/91go/docs-alfred/cmd/root.go:19.29,21.34 2 0
github.com/91go/docs-alfred/cmd/root.go:21.34,23.3 1 0
github.com/91go/docs-alfred/cmd/root.go:30.47,32.3 1 0
github.com/91go/docs-alfred/cmd/root.go:37.16,38.16 1 0
github.com/91go/docs-alfred/cmd/root.go:38.16,39.43 1 0
github.com/91go/docs-alfred/cmd/root.go:39.43,42.4 2 0
github.com/91go/docs-alfred/cmd/root.go:48.13,54.2 3 0
github.com/91go/docs-alfred/cmd/sync.go:15.47,17.16 2 0
github.com/91go/docs-alfred/cmd/sync.go:17.16,19.18 2 0
github.com/91go/docs-alfred/cmd/sync.go:19.18,22.5 2 0
github.com/91go/docs-alfred/cmd/sync.go:23.4,26.18 3 0
github.com/91go/docs-alfred/cmd/sync.go:26.18,28.5 1 0
github.com/91go/docs-alfred/cmd/sync.go:29.4,30.18 2 0
github.com/91go/docs-alfred/cmd/sync.go:30.18,32.5 1 0
github.com/91go/docs-alfred/cmd/sync.go:35.3,36.20 2 0
github.com/91go/docs-alfred/cmd/sync.go:40.13,52.2 1 0
github.com/91go/docs-alfred/cmd/update.go:16.23,17.57 1 0
github.com/91go/docs-alfred/cmd/update.go:17.57,20.64 3 0
github.com/91go/docs-alfred/cmd/update.go:20.64,22.4 1 0
github.com/91go/docs-alfred/cmd/update.go:25.2,25.26 1 0
github.com/91go/docs-alfred/cmd/update.go:25.26,32.3 2 0
github.com/91go/docs-alfred/cmd/update.go:39.47,40.34 1 0
github.com/91go/docs-alfred/cmd/update.go:40.34,43.46 3 0
github.com/91go/docs-alfred/cmd/update.go:43.46,45.5 1 0
github.com/91go/docs-alfred/cmd/update.go:46.9,48.4 1 0
github.com/91go/docs-alfred/cmd/update.go:52.13,54.2 1 0
